{"C:\\Users\\Khushi\\Desktop\\api-test-scripts\\Hall-Booking-Management\\server\\controllers\\booking.js": {"path":"C:\\Users\\Khushi\\Desktop\\api-test-scripts\\Hall-Booking-Management\\server\\controllers\\booking.js","statementMap":{"0":{"start":{"line":6,"column":29},"end":{"line":20,"column":1}},"1":{"start":{"line":7,"column":2},"end":{"line":7,"column":19}},"2":{"start":{"line":8,"column":27},"end":{"line":8,"column":44}},"3":{"start":{"line":9,"column":21},"end":{"line":9,"column":29}},"4":{"start":{"line":10,"column":2},"end":{"line":10,"column":26}},"5":{"start":{"line":11,"column":2},"end":{"line":19,"column":3}},"6":{"start":{"line":12,"column":25},"end":{"line":12,"column":62}},"7":{"start":{"line":13,"column":4},"end":{"line":13,"column":39}},"8":{"start":{"line":15,"column":4},"end":{"line":18,"column":7}},"9":{"start":{"line":23,"column":29},"end":{"line":57,"column":1}},"10":{"start":{"line":24,"column":2},"end":{"line":24,"column":18}},"11":{"start":{"line":25,"column":50},"end":{"line":25,"column":58}},"12":{"start":{"line":27,"column":2},"end":{"line":28,"column":58}},"13":{"start":{"line":28,"column":4},"end":{"line":28,"column":58}},"14":{"start":{"line":30,"column":25},"end":{"line":30,"column":60}},"15":{"start":{"line":31,"column":2},"end":{"line":31,"column":39}},"16":{"start":{"line":33,"column":2},"end":{"line":56,"column":3}},"17":{"start":{"line":35,"column":30},"end":{"line":39,"column":5}},"18":{"start":{"line":42,"column":4},"end":{"line":44,"column":5}},"19":{"start":{"line":43,"column":6},"end":{"line":43,"column":70}},"20":{"start":{"line":47,"column":4},"end":{"line":47,"column":44}},"21":{"start":{"line":50,"column":4},"end":{"line":50,"column":23}},"22":{"start":{"line":51,"column":4},"end":{"line":55,"column":7}},"23":{"start":{"line":61,"column":30},"end":{"line":74,"column":1}},"24":{"start":{"line":62,"column":2},"end":{"line":73,"column":3}},"25":{"start":{"line":63,"column":4},"end":{"line":63,"column":21}},"26":{"start":{"line":64,"column":18},"end":{"line":66,"column":6}},"27":{"start":{"line":67,"column":4},"end":{"line":67,"column":32}},"28":{"start":{"line":69,"column":4},"end":{"line":72,"column":7}}},"fnMap":{"0":{"name":"(anonymous_0)","decl":{"start":{"line":6,"column":29},"end":{"line":6,"column":30}},"loc":{"start":{"line":6,"column":49},"end":{"line":20,"column":1}},"line":6},"1":{"name":"(anonymous_1)","decl":{"start":{"line":23,"column":29},"end":{"line":23,"column":30}},"loc":{"start":{"line":23,"column":49},"end":{"line":57,"column":1}},"line":23},"2":{"name":"(anonymous_2)","decl":{"start":{"line":61,"column":30},"end":{"line":61,"column":31}},"loc":{"start":{"line":61,"column":50},"end":{"line":74,"column":1}},"line":61}},"branchMap":{"0":{"loc":{"start":{"line":27,"column":2},"end":{"line":28,"column":58}},"type":"if","locations":[{"start":{"line":27,"column":2},"end":{"line":28,"column":58}},{"start":{},"end":{}}],"line":27},"1":{"loc":{"start":{"line":42,"column":4},"end":{"line":44,"column":5}},"type":"if","locations":[{"start":{"line":42,"column":4},"end":{"line":44,"column":5}},{"start":{},"end":{}}],"line":42}},"s":{"0":1,"1":2,"2":2,"3":2,"4":2,"5":2,"6":2,"7":1,"8":1,"9":1,"10":2,"11":2,"12":2,"13":0,"14":2,"15":2,"16":2,"17":2,"18":1,"19":0,"20":1,"21":1,"22":1,"23":1,"24":2,"25":2,"26":2,"27":1,"28":1},"f":{"0":2,"1":2,"2":2},"b":{"0":[0,2],"1":[0,1]},"_coverageSchema":"1a1c01bbd47fc00a2c39e90264f33305004495a9","hash":"d6e7883181ad999c14bc2686ac210a9917bffee8"}
,"C:\\Users\\Khushi\\Desktop\\api-test-scripts\\Hall-Booking-Management\\server\\controllers\\club.js": {"path":"C:\\Users\\Khushi\\Desktop\\api-test-scripts\\Hall-Booking-Management\\server\\controllers\\club.js","statementMap":{"0":{"start":{"line":5,"column":26},"end":{"line":24,"column":1}},"1":{"start":{"line":6,"column":4},"end":{"line":23,"column":5}},"2":{"start":{"line":7,"column":42},"end":{"line":7,"column":50}},"3":{"start":{"line":8,"column":22},"end":{"line":8,"column":30}},"4":{"start":{"line":9,"column":8},"end":{"line":11,"column":9}},"5":{"start":{"line":10,"column":12},"end":{"line":10,"column":123}},"6":{"start":{"line":12,"column":29},"end":{"line":12,"column":66}},"7":{"start":{"line":13,"column":8},"end":{"line":15,"column":9}},"8":{"start":{"line":14,"column":12},"end":{"line":14,"column":94}},"9":{"start":{"line":16,"column":26},"end":{"line":16,"column":53}},"10":{"start":{"line":17,"column":28},"end":{"line":17,"column":56}},"11":{"start":{"line":18,"column":21},"end":{"line":18,"column":90}},"12":{"start":{"line":19,"column":8},"end":{"line":19,"column":34}},"13":{"start":{"line":20,"column":8},"end":{"line":20,"column":51}},"14":{"start":{"line":22,"column":8},"end":{"line":22,"column":89}},"15":{"start":{"line":27,"column":27},"end":{"line":39,"column":1}},"16":{"start":{"line":28,"column":4},"end":{"line":38,"column":5}},"17":{"start":{"line":29,"column":22},"end":{"line":29,"column":44}},"18":{"start":{"line":30,"column":8},"end":{"line":34,"column":9}},"19":{"start":{"line":31,"column":12},"end":{"line":31,"column":66}},"20":{"start":{"line":33,"column":12},"end":{"line":33,"column":28}},"21":{"start":{"line":37,"column":8},"end":{"line":37,"column":57}},"22":{"start":{"line":43,"column":30},"end":{"line":55,"column":1}},"23":{"start":{"line":44,"column":4},"end":{"line":54,"column":5}},"24":{"start":{"line":45,"column":29},"end":{"line":45,"column":39}},"25":{"start":{"line":46,"column":21},"end":{"line":46,"column":58}},"26":{"start":{"line":47,"column":8},"end":{"line":51,"column":9}},"27":{"start":{"line":48,"column":12},"end":{"line":48,"column":27}},"28":{"start":{"line":50,"column":12},"end":{"line":50,"column":64}},"29":{"start":{"line":53,"column":8},"end":{"line":53,"column":57}},"30":{"start":{"line":59,"column":32},"end":{"line":71,"column":1}},"31":{"start":{"line":60,"column":4},"end":{"line":70,"column":5}},"32":{"start":{"line":61,"column":29},"end":{"line":61,"column":39}},"33":{"start":{"line":62,"column":21},"end":{"line":62,"column":67}},"34":{"start":{"line":63,"column":8},"end":{"line":67,"column":9}},"35":{"start":{"line":64,"column":12},"end":{"line":64,"column":63}},"36":{"start":{"line":66,"column":12},"end":{"line":66,"column":64}},"37":{"start":{"line":69,"column":8},"end":{"line":69,"column":57}}},"fnMap":{"0":{"name":"(anonymous_0)","decl":{"start":{"line":5,"column":26},"end":{"line":5,"column":27}},"loc":{"start":{"line":5,"column":45},"end":{"line":24,"column":1}},"line":5},"1":{"name":"(anonymous_1)","decl":{"start":{"line":27,"column":27},"end":{"line":27,"column":28}},"loc":{"start":{"line":27,"column":46},"end":{"line":39,"column":1}},"line":27},"2":{"name":"(anonymous_2)","decl":{"start":{"line":43,"column":30},"end":{"line":43,"column":31}},"loc":{"start":{"line":43,"column":49},"end":{"line":55,"column":1}},"line":43},"3":{"name":"(anonymous_3)","decl":{"start":{"line":59,"column":32},"end":{"line":59,"column":33}},"loc":{"start":{"line":59,"column":51},"end":{"line":71,"column":1}},"line":59}},"branchMap":{"0":{"loc":{"start":{"line":9,"column":8},"end":{"line":11,"column":9}},"type":"if","locations":[{"start":{"line":9,"column":8},"end":{"line":11,"column":9}},{"start":{},"end":{}}],"line":9},"1":{"loc":{"start":{"line":9,"column":12},"end":{"line":9,"column":47}},"type":"binary-expr","locations":[{"start":{"line":9,"column":12},"end":{"line":9,"column":21}},{"start":{"line":9,"column":25},"end":{"line":9,"column":37}},{"start":{"line":9,"column":41},"end":{"line":9,"column":47}}],"line":9},"2":{"loc":{"start":{"line":13,"column":8},"end":{"line":15,"column":9}},"type":"if","locations":[{"start":{"line":13,"column":8},"end":{"line":15,"column":9}},{"start":{},"end":{}}],"line":13},"3":{"loc":{"start":{"line":30,"column":8},"end":{"line":34,"column":9}},"type":"if","locations":[{"start":{"line":30,"column":8},"end":{"line":34,"column":9}},{"start":{"line":32,"column":15},"end":{"line":34,"column":9}}],"line":30},"4":{"loc":{"start":{"line":47,"column":8},"end":{"line":51,"column":9}},"type":"if","locations":[{"start":{"line":47,"column":8},"end":{"line":51,"column":9}},{"start":{"line":49,"column":15},"end":{"line":51,"column":9}}],"line":47},"5":{"loc":{"start":{"line":63,"column":8},"end":{"line":67,"column":9}},"type":"if","locations":[{"start":{"line":63,"column":8},"end":{"line":67,"column":9}},{"start":{"line":65,"column":15},"end":{"line":67,"column":9}}],"line":63}},"s":{"0":1,"1":4,"2":4,"3":4,"4":4,"5":1,"6":3,"7":3,"8":2,"9":1,"10":1,"11":1,"12":1,"13":1,"14":0,"15":1,"16":2,"17":2,"18":2,"19":1,"20":1,"21":0,"22":1,"23":0,"24":0,"25":0,"26":0,"27":0,"28":0,"29":0,"30":1,"31":0,"32":0,"33":0,"34":0,"35":0,"36":0,"37":0},"f":{"0":4,"1":2,"2":0,"3":0},"b":{"0":[1,3],"1":[4,3,3],"2":[2,1],"3":[1,1],"4":[0,0],"5":[0,0]},"_coverageSchema":"1a1c01bbd47fc00a2c39e90264f33305004495a9","hash":"b8ce98f5818764f83c669d5aeef842d3c975d5cf"}
,"C:\\Users\\Khushi\\Desktop\\api-test-scripts\\Hall-Booking-Management\\server\\controllers\\event.js": {"path":"C:\\Users\\Khushi\\Desktop\\api-test-scripts\\Hall-Booking-Management\\server\\controllers\\event.js","statementMap":{"0":{"start":{"line":4,"column":26},"end":{"line":7,"column":1}},"1":{"start":{"line":5,"column":21},"end":{"line":5,"column":68}},"2":{"start":{"line":6,"column":4},"end":{"line":6,"column":46}},"3":{"start":{"line":10,"column":27},"end":{"line":51,"column":1}},"4":{"start":{"line":11,"column":4},"end":{"line":50,"column":5}},"5":{"start":{"line":13,"column":91},"end":{"line":13,"column":99}},"6":{"start":{"line":18,"column":8},"end":{"line":20,"column":9}},"7":{"start":{"line":19,"column":12},"end":{"line":19,"column":117}},"8":{"start":{"line":23,"column":30},"end":{"line":23,"column":69}},"9":{"start":{"line":24,"column":8},"end":{"line":26,"column":9}},"10":{"start":{"line":25,"column":12},"end":{"line":25,"column":116}},"11":{"start":{"line":29,"column":30},"end":{"line":29,"column":95}},"12":{"start":{"line":34,"column":22},"end":{"line":45,"column":10}},"13":{"start":{"line":47,"column":8},"end":{"line":47,"column":69}},"14":{"start":{"line":49,"column":8},"end":{"line":49,"column":94}},"15":{"start":{"line":55,"column":27},"end":{"line":67,"column":1}},"16":{"start":{"line":56,"column":4},"end":{"line":66,"column":5}},"17":{"start":{"line":57,"column":28},"end":{"line":57,"column":38}},"18":{"start":{"line":58,"column":8},"end":{"line":60,"column":9}},"19":{"start":{"line":59,"column":12},"end":{"line":59,"column":91}},"20":{"start":{"line":61,"column":8},"end":{"line":61,"column":53}},"21":{"start":{"line":63,"column":8},"end":{"line":63,"column":88}},"22":{"start":{"line":65,"column":8},"end":{"line":65,"column":94}},"23":{"start":{"line":70,"column":28},"end":{"line":82,"column":1}},"24":{"start":{"line":71,"column":4},"end":{"line":81,"column":5}},"25":{"start":{"line":72,"column":23},"end":{"line":72,"column":46}},"26":{"start":{"line":73,"column":8},"end":{"line":77,"column":9}},"27":{"start":{"line":74,"column":12},"end":{"line":74,"column":67}},"28":{"start":{"line":76,"column":12},"end":{"line":76,"column":29}},"29":{"start":{"line":80,"column":8},"end":{"line":80,"column":57}}},"fnMap":{"0":{"name":"(anonymous_0)","decl":{"start":{"line":4,"column":26},"end":{"line":4,"column":27}},"loc":{"start":{"line":4,"column":58},"end":{"line":7,"column":1}},"line":4},"1":{"name":"(anonymous_1)","decl":{"start":{"line":10,"column":27},"end":{"line":10,"column":28}},"loc":{"start":{"line":10,"column":46},"end":{"line":51,"column":1}},"line":10},"2":{"name":"(anonymous_2)","decl":{"start":{"line":55,"column":27},"end":{"line":55,"column":28}},"loc":{"start":{"line":55,"column":46},"end":{"line":67,"column":1}},"line":55},"3":{"name":"(anonymous_3)","decl":{"start":{"line":70,"column":28},"end":{"line":70,"column":29}},"loc":{"start":{"line":70,"column":47},"end":{"line":82,"column":1}},"line":70}},"branchMap":{"0":{"loc":{"start":{"line":18,"column":8},"end":{"line":20,"column":9}},"type":"if","locations":[{"start":{"line":18,"column":8},"end":{"line":20,"column":9}},{"start":{},"end":{}}],"line":18},"1":{"loc":{"start":{"line":18,"column":12},"end":{"line":18,"column":111}},"type":"binary-expr","locations":[{"start":{"line":18,"column":12},"end":{"line":18,"column":22}},{"start":{"line":18,"column":26},"end":{"line":18,"column":36}},{"start":{"line":18,"column":40},"end":{"line":18,"column":53}},{"start":{"line":18,"column":57},"end":{"line":18,"column":71}},{"start":{"line":18,"column":75},"end":{"line":18,"column":87}},{"start":{"line":18,"column":89},"end":{"line":18,"column":111}}],"line":18},"2":{"loc":{"start":{"line":24,"column":8},"end":{"line":26,"column":9}},"type":"if","locations":[{"start":{"line":24,"column":8},"end":{"line":26,"column":9}},{"start":{},"end":{}}],"line":24},"3":{"loc":{"start":{"line":58,"column":8},"end":{"line":60,"column":9}},"type":"if","locations":[{"start":{"line":58,"column":8},"end":{"line":60,"column":9}},{"start":{},"end":{}}],"line":58},"4":{"loc":{"start":{"line":73,"column":8},"end":{"line":77,"column":9}},"type":"if","locations":[{"start":{"line":73,"column":8},"end":{"line":77,"column":9}},{"start":{"line":75,"column":15},"end":{"line":77,"column":9}}],"line":73}},"s":{"0":1,"1":1,"2":1,"3":1,"4":3,"5":3,"6":3,"7":1,"8":2,"9":2,"10":1,"11":1,"12":1,"13":1,"14":0,"15":1,"16":3,"17":3,"18":3,"19":1,"20":2,"21":1,"22":1,"23":1,"24":2,"25":2,"26":2,"27":1,"28":1,"29":0},"f":{"0":1,"1":3,"2":3,"3":2},"b":{"0":[1,2],"1":[3,2,2,2,2,2],"2":[1,1],"3":[1,2],"4":[1,1]},"_coverageSchema":"1a1c01bbd47fc00a2c39e90264f33305004495a9","hash":"6f91b36ef667bb95f60557fcf4101a46bc65ba73"}
,"C:\\Users\\Khushi\\Desktop\\api-test-scripts\\Hall-Booking-Management\\server\\controllers\\hall.js": {"path":"C:\\Users\\Khushi\\Desktop\\api-test-scripts\\Hall-Booking-Management\\server\\controllers\\hall.js","statementMap":{"0":{"start":{"line":4,"column":26},"end":{"line":15,"column":1}},"1":{"start":{"line":5,"column":18},"end":{"line":5,"column":37}},"2":{"start":{"line":6,"column":2},"end":{"line":14,"column":3}},"3":{"start":{"line":7,"column":22},"end":{"line":7,"column":42}},"4":{"start":{"line":8,"column":4},"end":{"line":8,"column":36}},"5":{"start":{"line":10,"column":4},"end":{"line":13,"column":7}},"6":{"start":{"line":18,"column":26},"end":{"line":35,"column":1}},"7":{"start":{"line":19,"column":4},"end":{"line":34,"column":3}},"8":{"start":{"line":20,"column":42},"end":{"line":20,"column":50}},"9":{"start":{"line":21,"column":17},"end":{"line":21,"column":67}},"10":{"start":{"line":23,"column":4},"end":{"line":25,"column":5}},"11":{"start":{"line":24,"column":6},"end":{"line":24,"column":65}},"12":{"start":{"line":27,"column":23},"end":{"line":27,"column":62}},"13":{"start":{"line":28,"column":4},"end":{"line":28,"column":52}},"14":{"start":{"line":30,"column":4},"end":{"line":33,"column":7}},"15":{"start":{"line":38,"column":23},"end":{"line":51,"column":1}},"16":{"start":{"line":39,"column":2},"end":{"line":50,"column":3}},"17":{"start":{"line":40,"column":19},"end":{"line":40,"column":32}},"18":{"start":{"line":41,"column":4},"end":{"line":41,"column":49}},"19":{"start":{"line":41,"column":17},"end":{"line":41,"column":49}},"20":{"start":{"line":42,"column":17},"end":{"line":42,"column":45}},"21":{"start":{"line":44,"column":4},"end":{"line":44,"column":31}},"22":{"start":{"line":46,"column":4},"end":{"line":49,"column":7}},"23":{"start":{"line":54,"column":27},"end":{"line":68,"column":1}},"24":{"start":{"line":55,"column":2},"end":{"line":67,"column":3}},"25":{"start":{"line":56,"column":17},"end":{"line":56,"column":19}},"26":{"start":{"line":57,"column":4},"end":{"line":59,"column":5}},"27":{"start":{"line":58,"column":6},"end":{"line":58,"column":26}},"28":{"start":{"line":60,"column":22},"end":{"line":60,"column":46}},"29":{"start":{"line":61,"column":4},"end":{"line":61,"column":36}},"30":{"start":{"line":63,"column":4},"end":{"line":66,"column":7}}},"fnMap":{"0":{"name":"(anonymous_0)","decl":{"start":{"line":4,"column":26},"end":{"line":4,"column":27}},"loc":{"start":{"line":4,"column":46},"end":{"line":15,"column":1}},"line":4},"1":{"name":"(anonymous_1)","decl":{"start":{"line":18,"column":26},"end":{"line":18,"column":27}},"loc":{"start":{"line":18,"column":46},"end":{"line":35,"column":1}},"line":18},"2":{"name":"(anonymous_2)","decl":{"start":{"line":38,"column":23},"end":{"line":38,"column":24}},"loc":{"start":{"line":38,"column":43},"end":{"line":51,"column":1}},"line":38},"3":{"name":"(anonymous_3)","decl":{"start":{"line":54,"column":27},"end":{"line":54,"column":28}},"loc":{"start":{"line":54,"column":47},"end":{"line":68,"column":1}},"line":54}},"branchMap":{"0":{"loc":{"start":{"line":23,"column":4},"end":{"line":25,"column":5}},"type":"if","locations":[{"start":{"line":23,"column":4},"end":{"line":25,"column":5}},{"start":{},"end":{}}],"line":23},"1":{"loc":{"start":{"line":41,"column":4},"end":{"line":41,"column":49}},"type":"if","locations":[{"start":{"line":41,"column":4},"end":{"line":41,"column":49}},{"start":{},"end":{}}],"line":41},"2":{"loc":{"start":{"line":57,"column":4},"end":{"line":59,"column":5}},"type":"if","locations":[{"start":{"line":57,"column":4},"end":{"line":59,"column":5}},{"start":{},"end":{}}],"line":57}},"s":{"0":1,"1":2,"2":2,"3":2,"4":1,"5":1,"6":1,"7":3,"8":3,"9":3,"10":3,"11":1,"12":2,"13":1,"14":1,"15":1,"16":2,"17":2,"18":2,"19":1,"20":1,"21":1,"22":1,"23":1,"24":1,"25":1,"26":1,"27":0,"28":1,"29":1,"30":0},"f":{"0":2,"1":3,"2":2,"3":1},"b":{"0":[1,2],"1":[1,1],"2":[0,1]},"_coverageSchema":"1a1c01bbd47fc00a2c39e90264f33305004495a9","hash":"fb64c05da14dec80c672af4883dd70eabbbdf898"}
,"C:\\Users\\Khushi\\Desktop\\api-test-scripts\\Hall-Booking-Management\\server\\controllers\\users.js": {"path":"C:\\Users\\Khushi\\Desktop\\api-test-scripts\\Hall-Booking-Management\\server\\controllers\\users.js","statementMap":{"0":{"start":{"line":7,"column":15},"end":{"line":7,"column":21}},"1":{"start":{"line":9,"column":22},"end":{"line":48,"column":1}},"2":{"start":{"line":10,"column":30},"end":{"line":10,"column":38}},"3":{"start":{"line":11,"column":2},"end":{"line":47,"column":3}},"4":{"start":{"line":12,"column":25},"end":{"line":12,"column":59}},"5":{"start":{"line":14,"column":4},"end":{"line":15,"column":71}},"6":{"start":{"line":15,"column":6},"end":{"line":15,"column":71}},"7":{"start":{"line":17,"column":30},"end":{"line":20,"column":5}},"8":{"start":{"line":23,"column":4},"end":{"line":24,"column":70}},"9":{"start":{"line":24,"column":6},"end":{"line":24,"column":70}},"10":{"start":{"line":26,"column":18},"end":{"line":30,"column":5}},"11":{"start":{"line":32,"column":4},"end":{"line":44,"column":7}},"12":{"start":{"line":46,"column":4},"end":{"line":46,"column":62}},"13":{"start":{"line":50,"column":22},"end":{"line":86,"column":1}},"14":{"start":{"line":51,"column":63},"end":{"line":51,"column":72}},"15":{"start":{"line":53,"column":2},"end":{"line":85,"column":3}},"16":{"start":{"line":54,"column":25},"end":{"line":54,"column":59}},"17":{"start":{"line":55,"column":4},"end":{"line":61,"column":11}},"18":{"start":{"line":56,"column":6},"end":{"line":61,"column":11}},"19":{"start":{"line":63,"column":4},"end":{"line":64,"column":74}},"20":{"start":{"line":64,"column":6},"end":{"line":64,"column":74}},"21":{"start":{"line":66,"column":27},"end":{"line":66,"column":58}},"22":{"start":{"line":68,"column":19},"end":{"line":73,"column":6}},"23":{"start":{"line":75,"column":18},"end":{"line":77,"column":6}},"24":{"start":{"line":79,"column":4},"end":{"line":81,"column":77}},"25":{"start":{"line":83,"column":4},"end":{"line":83,"column":62}},"26":{"start":{"line":84,"column":4},"end":{"line":84,"column":44}}},"fnMap":{"0":{"name":"(anonymous_0)","decl":{"start":{"line":9,"column":22},"end":{"line":9,"column":23}},"loc":{"start":{"line":9,"column":42},"end":{"line":48,"column":1}},"line":9},"1":{"name":"(anonymous_1)","decl":{"start":{"line":50,"column":22},"end":{"line":50,"column":23}},"loc":{"start":{"line":50,"column":42},"end":{"line":86,"column":1}},"line":50}},"branchMap":{"0":{"loc":{"start":{"line":14,"column":4},"end":{"line":15,"column":71}},"type":"if","locations":[{"start":{"line":14,"column":4},"end":{"line":15,"column":71}},{"start":{},"end":{}}],"line":14},"1":{"loc":{"start":{"line":23,"column":4},"end":{"line":24,"column":70}},"type":"if","locations":[{"start":{"line":23,"column":4},"end":{"line":24,"column":70}},{"start":{},"end":{}}],"line":23},"2":{"loc":{"start":{"line":55,"column":4},"end":{"line":61,"column":11}},"type":"if","locations":[{"start":{"line":55,"column":4},"end":{"line":61,"column":11}},{"start":{},"end":{}}],"line":55},"3":{"loc":{"start":{"line":63,"column":4},"end":{"line":64,"column":74}},"type":"if","locations":[{"start":{"line":63,"column":4},"end":{"line":64,"column":74}},{"start":{},"end":{}}],"line":63}},"s":{"0":1,"1":1,"2":3,"3":3,"4":3,"5":3,"6":1,"7":2,"8":2,"9":1,"10":1,"11":1,"12":0,"13":1,"14":5,"15":5,"16":5,"17":5,"18":1,"19":4,"20":1,"21":3,"22":2,"23":2,"24":2,"25":1,"26":1},"f":{"0":3,"1":5},"b":{"0":[1,2],"1":[1,1],"2":[1,4],"3":[1,3]},"_coverageSchema":"1a1c01bbd47fc00a2c39e90264f33305004495a9","hash":"2c153a263a95b23871d2d718d501b3dada746bbb"}
,"C:\\Users\\Khushi\\Desktop\\api-test-scripts\\Hall-Booking-Management\\server\\models\\booking.js": {"path":"C:\\Users\\Khushi\\Desktop\\api-test-scripts\\Hall-Booking-Management\\server\\models\\booking.js","statementMap":{"0":{"start":{"line":3,"column":22},"end":{"line":20,"column":2}},"1":{"start":{"line":22,"column":21},"end":{"line":22,"column":66}}},"fnMap":{},"branchMap":{},"s":{"0":1,"1":1},"f":{},"b":{},"_coverageSchema":"1a1c01bbd47fc00a2c39e90264f33305004495a9","hash":"8e1cf0c3cb34a9e0e281408050055d023a0e04ea"}
,"C:\\Users\\Khushi\\Desktop\\api-test-scripts\\Hall-Booking-Management\\server\\models\\club.js": {"path":"C:\\Users\\Khushi\\Desktop\\api-test-scripts\\Hall-Booking-Management\\server\\models\\club.js","statementMap":{"0":{"start":{"line":3,"column":19},"end":{"line":8,"column":2}},"1":{"start":{"line":10,"column":18},"end":{"line":10,"column":57}}},"fnMap":{},"branchMap":{},"s":{"0":1,"1":1},"f":{},"b":{},"_coverageSchema":"1a1c01bbd47fc00a2c39e90264f33305004495a9","hash":"73fd731e1d1cd757cb2d73073fe01a0d6b9b447a"}
,"C:\\Users\\Khushi\\Desktop\\api-test-scripts\\Hall-Booking-Management\\server\\models\\event.js": {"path":"C:\\Users\\Khushi\\Desktop\\api-test-scripts\\Hall-Booking-Management\\server\\models\\event.js","statementMap":{"0":{"start":{"line":3,"column":20},"end":{"line":15,"column":2}},"1":{"start":{"line":17,"column":19},"end":{"line":17,"column":60}}},"fnMap":{},"branchMap":{},"s":{"0":1,"1":1},"f":{},"b":{},"_coverageSchema":"1a1c01bbd47fc00a2c39e90264f33305004495a9","hash":"9d7e429730a5ebe5847ea0dc70e84d360adaa5dc"}
,"C:\\Users\\Khushi\\Desktop\\api-test-scripts\\Hall-Booking-Management\\server\\models\\hall.js": {"path":"C:\\Users\\Khushi\\Desktop\\api-test-scripts\\Hall-Booking-Management\\server\\models\\hall.js","statementMap":{"0":{"start":{"line":3,"column":19},"end":{"line":8,"column":2}},"1":{"start":{"line":10,"column":18},"end":{"line":10,"column":56}}},"fnMap":{},"branchMap":{},"s":{"0":1,"1":1},"f":{},"b":{},"_coverageSchema":"1a1c01bbd47fc00a2c39e90264f33305004495a9","hash":"7ec312043b9befba2365684589a8a4a102e785ff"}
,"C:\\Users\\Khushi\\Desktop\\api-test-scripts\\Hall-Booking-Management\\server\\models\\user.js": {"path":"C:\\Users\\Khushi\\Desktop\\api-test-scripts\\Hall-Booking-Management\\server\\models\\user.js","statementMap":{"0":{"start":{"line":3,"column":19},"end":{"line":8,"column":2}},"1":{"start":{"line":10,"column":18},"end":{"line":10,"column":56}}},"fnMap":{},"branchMap":{},"s":{"0":1,"1":1},"f":{},"b":{},"_coverageSchema":"1a1c01bbd47fc00a2c39e90264f33305004495a9","hash":"efa39c3fa5fdabc3bf141df27d0a235eda9eb633"}
}
