TN:
SF:controllers\booking.js
FN:6,(anonymous_0)
FN:23,(anonymous_1)
FN:61,(anonymous_2)
FNF:3
FNH:3
FNDA:2,(anonymous_0)
FNDA:2,(anonymous_1)
FNDA:2,(anonymous_2)
DA:6,1
DA:7,2
DA:8,2
DA:9,2
DA:10,2
DA:11,2
DA:12,2
DA:13,1
DA:15,1
DA:23,1
DA:24,2
DA:25,2
DA:27,2
DA:28,0
DA:30,2
DA:31,2
DA:33,2
DA:35,2
DA:42,1
DA:43,0
DA:47,1
DA:50,1
DA:51,1
DA:61,1
DA:62,2
DA:63,2
DA:64,2
DA:67,1
DA:69,1
LF:29
LH:27
BRDA:27,0,0,0
BRDA:27,0,1,2
BRDA:42,1,0,0
BRDA:42,1,1,1
BRF:4
BRH:2
end_of_record
TN:
SF:controllers\club.js
FN:5,(anonymous_0)
FN:27,(anonymous_1)
FN:43,(anonymous_2)
FN:59,(anonymous_3)
FNF:4
FNH:2
FNDA:4,(anonymous_0)
FNDA:2,(anonymous_1)
FNDA:0,(anonymous_2)
FNDA:0,(anonymous_3)
DA:5,1
DA:6,4
DA:7,4
DA:8,4
DA:9,4
DA:10,1
DA:12,3
DA:13,3
DA:14,2
DA:16,1
DA:17,1
DA:18,1
DA:19,1
DA:20,1
DA:22,0
DA:27,1
DA:28,2
DA:29,2
DA:30,2
DA:31,1
DA:33,1
DA:37,0
DA:43,1
DA:44,0
DA:45,0
DA:46,0
DA:47,0
DA:48,0
DA:50,0
DA:53,0
DA:59,1
DA:60,0
DA:61,0
DA:62,0
DA:63,0
DA:64,0
DA:66,0
DA:69,0
LF:38
LH:22
BRDA:9,0,0,1
BRDA:9,0,1,3
BRDA:9,1,0,4
BRDA:9,1,1,3
BRDA:9,1,2,3
BRDA:13,2,0,2
BRDA:13,2,1,1
BRDA:30,3,0,1
BRDA:30,3,1,1
BRDA:47,4,0,0
BRDA:47,4,1,0
BRDA:63,5,0,0
BRDA:63,5,1,0
BRF:13
BRH:9
end_of_record
TN:
SF:controllers\event.js
FN:4,(anonymous_0)
FN:10,(anonymous_1)
FN:55,(anonymous_2)
FN:70,(anonymous_3)
FNF:4
FNH:4
FNDA:1,(anonymous_0)
FNDA:3,(anonymous_1)
FNDA:3,(anonymous_2)
FNDA:2,(anonymous_3)
DA:4,1
DA:5,1
DA:6,1
DA:10,1
DA:11,3
DA:13,3
DA:18,3
DA:19,1
DA:23,2
DA:24,2
DA:25,1
DA:29,1
DA:34,1
DA:47,1
DA:49,0
DA:55,1
DA:56,3
DA:57,3
DA:58,3
DA:59,1
DA:61,2
DA:63,1
DA:65,1
DA:70,1
DA:71,2
DA:72,2
DA:73,2
DA:74,1
DA:76,1
DA:80,0
LF:30
LH:28
BRDA:18,0,0,1
BRDA:18,0,1,2
BRDA:18,1,0,3
BRDA:18,1,1,2
BRDA:18,1,2,2
BRDA:18,1,3,2
BRDA:18,1,4,2
BRDA:18,1,5,2
BRDA:24,2,0,1
BRDA:24,2,1,1
BRDA:58,3,0,1
BRDA:58,3,1,2
BRDA:73,4,0,1
BRDA:73,4,1,1
BRF:14
BRH:14
end_of_record
TN:
SF:controllers\hall.js
FN:4,(anonymous_0)
FN:18,(anonymous_1)
FN:38,(anonymous_2)
FN:54,(anonymous_3)
FNF:4
FNH:4
FNDA:2,(anonymous_0)
FNDA:3,(anonymous_1)
FNDA:2,(anonymous_2)
FNDA:1,(anonymous_3)
DA:4,1
DA:5,2
DA:6,2
DA:7,2
DA:8,1
DA:10,1
DA:18,1
DA:19,3
DA:20,3
DA:21,3
DA:23,3
DA:24,1
DA:27,2
DA:28,1
DA:30,1
DA:38,1
DA:39,2
DA:40,2
DA:41,2
DA:42,1
DA:44,1
DA:46,1
DA:54,1
DA:55,1
DA:56,1
DA:57,1
DA:58,0
DA:60,1
DA:61,1
DA:63,0
LF:30
LH:28
BRDA:23,0,0,1
BRDA:23,0,1,2
BRDA:41,1,0,1
BRDA:41,1,1,1
BRDA:57,2,0,0
BRDA:57,2,1,1
BRF:6
BRH:5
end_of_record
TN:
SF:controllers\users.js
FN:9,(anonymous_0)
FN:50,(anonymous_1)
FNF:2
FNH:2
FNDA:3,(anonymous_0)
FNDA:5,(anonymous_1)
DA:7,1
DA:9,1
DA:10,3
DA:11,3
DA:12,3
DA:14,3
DA:15,1
DA:17,2
DA:23,2
DA:24,1
DA:26,1
DA:32,1
DA:46,0
DA:50,1
DA:51,5
DA:53,5
DA:54,5
DA:55,5
DA:56,1
DA:63,4
DA:64,1
DA:66,3
DA:68,2
DA:75,2
DA:79,2
DA:83,1
DA:84,1
LF:27
LH:26
BRDA:14,0,0,1
BRDA:14,0,1,2
BRDA:23,1,0,1
BRDA:23,1,1,1
BRDA:55,2,0,1
BRDA:55,2,1,4
BRDA:63,3,0,1
BRDA:63,3,1,3
BRF:8
BRH:8
end_of_record
TN:
SF:models\booking.js
FNF:0
FNH:0
DA:3,1
DA:22,1
LF:2
LH:2
BRF:0
BRH:0
end_of_record
TN:
SF:models\club.js
FNF:0
FNH:0
DA:3,1
DA:10,1
LF:2
LH:2
BRF:0
BRH:0
end_of_record
TN:
SF:models\event.js
FNF:0
FNH:0
DA:3,1
DA:17,1
LF:2
LH:2
BRF:0
BRH:0
end_of_record
TN:
SF:models\hall.js
FNF:0
FNH:0
DA:3,1
DA:10,1
LF:2
LH:2
BRF:0
BRH:0
end_of_record
TN:
SF:models\user.js
FNF:0
FNH:0
DA:3,1
DA:10,1
LF:2
LH:2
BRF:0
BRH:0
end_of_record
